[23:45:34.390][info] [#0:/home/akara184/.emacs.d/.cache/lsp/lua-language-server/main.lua:68]: Lua Lsp startup, root: 	/home/akara184/.emacs.d/.cache/lsp/lua-language-server
[23:45:34.390][info] [#0:/home/akara184/.emacs.d/.cache/lsp/lua-language-server/main.lua:69]: ROOT:	/home/akara184/.emacs.d/.cache/lsp/lua-language-server
[23:45:34.390][info] [#0:/home/akara184/.emacs.d/.cache/lsp/lua-language-server/main.lua:70]: LOGPATH:	/home/akara184/.emacs.d/.cache/lsp/lua-language-server/log
[23:45:34.390][info] [#0:/home/akara184/.emacs.d/.cache/lsp/lua-language-server/main.lua:71]: METAPATH:	/home/akara184/.emacs.d/.cache/lsp/lua-language-server/meta
[23:45:34.390][info] [#0:/home/akara184/.emacs.d/.cache/lsp/lua-language-server/main.lua:72]: VERSION:	3.15.0
[23:45:34.412][info] [#0:script/proto/proto.lua:260]: Listen Mode: stdio
[23:45:34.412][info] [#0:script/service/service.lua:145]: 
========= Medical Examination Report =========
    --------------- Memory ---------------
        Total: 2.264 MB
        # 00 : 2.264 MB
        # 01 : 0.000 MB
        # 02 : 0.000 MB
        # 03 : 0.000 MB
        # 04 : 0.000 MB
    --------------- Coroutine ---------------
        Total:     0
        Running:   0
        Suspended: 0
        Normal:    0
        Dead:      0
    --------------- Cache ---------------
        Total: 1
        Dead:  0
    ---------------  RPC  ---------------
        Holdon:   0
        Waiting:  0
==============================================
[23:45:34.516][info] [#0:script/client.lua:657]: Client init	{
  capabilities = {
    general = {
      positionEncodings = { "utf-32", "utf-16" }
    },
    textDocument = {
      callHierarchy = {
        dynamicRegistration = false
      },
      codeAction = {
        codeActionLiteralSupport = {
          codeActionKind = {
            valueSet = { "", "quickfix", "refactor", "refactor.extract", "refactor.inline", "refactor.rewrite", "source", "source.organizeImports" }
          }
        },
        dataSupport = true,
        dynamicRegistration = true,
        isPreferredSupport = true,
        resolveSupport = {
          properties = { "edit", "command" }
        }
      },
      completion = {
        completionItem = {
          deprecatedSupport = true,
          documentationFormat = { "markdown", "plaintext" },
          insertReplaceSupport = true,
          insertTextModeSupport = {
            valueSet = { 1, 2 }
          },
          labelDetailsSupport = true,
          resolveAdditionalTextEditsSupport = true,
          resolveSupport = {
            properties = { "documentation", "detail", "additionalTextEdits", "command" }
          },
          snippetSupport = true
        },
        contextSupport = true,
        dynamicRegistration = true
      },
      declaration = {
        dynamicRegistration = true,
        linkSupport = true
      },
      definition = {
        dynamicRegistration = true,
        linkSupport = true
      },
      diagnostic = {
        dynamicRegistration = false,
        relatedDocumentSupport = false
      },
      documentLink = {
        dynamicRegistration = true,
        tooltipSupport = true
      },
      documentSymbol = {
        hierarchicalDocumentSymbolSupport = true,
        symbolKind = {
          valueSet = { 1, 2, 3, 4, 5, 6, 7, 8, 9, 10, 11, 12, 13, 14, 15, 16, 17, 18, 19, 20, 21, 22, 23, 24, 25, 26 }
        }
      },
      foldingRange = {
        dynamicRegistration = true
      },
      formatting = {
        dynamicRegistration = true
      },
      hover = {
        contentFormat = { "markdown", "plaintext" },
        dynamicRegistration = true
      },
      implementation = {
        dynamicRegistration = true,
        linkSupport = true
      },
      linkedEditingRange = {
        dynamicRegistration = true
      },
      onTypeFormatting = {
        dynamicRegistration = true
      },
      publishDiagnostics = {
        relatedInformation = true,
        tagSupport = {
          valueSet = { 1, 2 }
        },
        versionSupport = true
      },
      rangeFormatting = {
        dynamicRegistration = true
      },
      references = {
        dynamicRegistration = true
      },
      rename = {
        dynamicRegistration = true,
        prepareSupport = true
      },
      selectionRange = {
        dynamicRegistration = true
      },
      signatureHelp = {
        dynamicRegistration = true,
        signatureInformation = {
          activeParameterSupport = true,
          parameterInformation = {
            labelOffsetSupport = true
          }
        }
      },
      synchronization = {
        didSave = true,
        willSave = true,
        willSaveWaitUntil = true
      },
      typeDefinition = {
        dynamicRegistration = true,
        linkSupport = true
      },
      typeHierarchy = {
        dynamicRegistration = true
      }
    },
    window = {
      showDocument = {
        support = true
      },
      workDoneProgress = true
    },
    workspace = {
      applyEdit = true,
      codeLens = {
        refreshSupport = true
      },
      configuration = true,
      diagnostics = {
        refreshSupport = false
      },
      didChangeWatchedFiles = {
        dynamicRegistration = true
      },
      executeCommand = {
        dynamicRegistration = false
      },
      fileOperations = {
        didCreate = false,
        didDelete = false,
        didRename = true,
        willCreate = false,
        willDelete = false,
        willRename = true
      },
      symbol = {
        symbolKind = {
          valueSet = { 1, 2, 3, 4, 5, 6, 7, 8, 9, 10, 11, 12, 13, 14, 15, 16, 17, 18, 19, 20, 21, 22, 23, 24, 25, 26 }
        }
      },
      workspaceEdit = {
        documentChanges = true,
        resourceOperations = { "create", "rename", "delete" }
      },
      workspaceFolders = true
    }
  },
  clientInfo = {
    name = "emacs",
    version = "GNU Emacs 30.1 (build 1, x86_64-redhat-linux-gnu, GTK+ Version 3.24.49, cairo version 1.18.2)\n of 2025-06-16"
  },
  processId = 129081,
  rootPath = "/home/akara184/Downloads/mpv-config-main",
  rootUri = "file:///home/akara184/Downloads/mpv-config-main",
  workDoneToken = "1"
}
[23:45:34.516][info] [#0:script/language.lua:137]: VSC language: nil
[23:45:34.516][info] [#0:script/language.lua:138]: LS  language: en-us
[23:45:34.516][info] [#0:script/workspace/workspace.lua:38]: Workspace init root: 	file:///home/akara184/Downloads/mpv-config-main
[23:45:34.516][info] [#0:script/workspace/workspace.lua:42]: Log path: 	/home/akara184/.emacs.d/.cache/lsp/lua-language-server/log/file_home_akara184_Downloads_mpv-config-main.log
[23:45:34.516][info] [#0:script/workspace/workspace.lua:48]: Workspace create: 	file:///home/akara184/Downloads/mpv-config-main
[23:45:34.722][info] [#0:script/provider/provider.lua:49]: Load config from client	file:///home/akara184/Downloads/mpv-config-main
[23:45:34.722][info] [#0:script/provider/provider.lua:50]: {
  Lua = {
    color = {
      mode = "Semantic"
    },
    completion = {
      callSnippet = "Disable",
      displayContext = 6,
      enable = true,
      keywordSnippet = "Replace",
      workspaceWord = true
    },
    develop = {
      debuggerPort = 11412,
      debuggerWait = false,
      enable = false
    },
    diagnostics = {
      enable = true,
      workspaceDelay = 0,
      workspaceRate = 100
    },
    hint = {
      enable = false,
      paramName = true,
      paramType = true
    },
    hover = {
      enable = true,
      fieldInfer = 3000,
      previewFields = 100,
      viewNumber = true,
      viewString = true,
      viewStringMax = 1000
    },
    intelliSense = {
      searchDepth = 0
    },
    runtime = {
      fileEncoding = "utf8",
      path = { "?.lua", "?/init.lua", "?/?.lua" },
      version = "Lua 5.4"
    },
    signatureHelp = {
      enable = true
    },
    telemetry = {
      enable = false
    },
    window = {
      progressBar = true,
      statusBar = true
    },
    workspace = {
      ignoreDir = { ".vscode" },
      ignoreSubmodules = true,
      maxPreload = 1000,
      preloadFileSize = 100,
      useGitIgnore = true
    }
  },
  ["files.associations"] = false,
  ["files.exclude"] = false
}
[23:45:34.725][info] [#0:script/provider/completion.lua:43]: Enable completion.
[23:45:34.827][info] [#0:script/provider/provider.lua:65]: Load config from client	fallback
[23:45:34.827][info] [#0:script/provider/provider.lua:66]: {
  Lua = {
    color = {
      mode = "Semantic"
    },
    completion = {
      callSnippet = "Disable",
      displayContext = 6,
      enable = true,
      keywordSnippet = "Replace",
      workspaceWord = true
    },
    develop = {
      debuggerPort = 11412,
      debuggerWait = false,
      enable = false
    },
    diagnostics = {
      enable = true,
      workspaceDelay = 0,
      workspaceRate = 100
    },
    hint = {
      enable = false,
      paramName = true,
      paramType = true
    },
    hover = {
      enable = true,
      fieldInfer = 3000,
      previewFields = 100,
      viewNumber = true,
      viewString = true,
      viewStringMax = 1000
    },
    intelliSense = {
      searchDepth = 0
    },
    runtime = {
      fileEncoding = "utf8",
      path = { "?.lua", "?/init.lua", "?/?.lua" },
      version = "Lua 5.4"
    },
    signatureHelp = {
      enable = true
    },
    telemetry = {
      enable = false
    },
    window = {
      progressBar = true,
      statusBar = true
    },
    workspace = {
      ignoreDir = { ".vscode" },
      ignoreSubmodules = true,
      maxPreload = 1000,
      preloadFileSize = 100,
      useGitIgnore = true
    }
  },
  ["files.associations"] = false,
  ["files.exclude"] = false
}
[23:45:34.937][info] [#0:script/library.lua:212]: Init builtin library at:	file:///home/akara184/Downloads/mpv-config-main
[23:45:34.949][info] [#0:script/library.lua:212]: Init builtin library at:	nil
[23:45:35.057][info] [#0:script/workspace/workspace.lua:330]: Preload start:	file:///home/akara184/Downloads/mpv-config-main
[23:45:35.058][info] [#0:script/workspace/workspace.lua:336]: Scan files at:	file:///home/akara184/Downloads/mpv-config-main
[23:45:35.070][info] [#0:script/workspace/workspace.lua:330]: Preload start:	<fallback>
[23:45:35.073][info] [#0:script/workspace/workspace.lua:359]: Scan library at:	file:///home/akara184/.emacs.d/.cache/lsp/lua-language-server/meta/Lua%205.4%20en-us%20utf8/table.lua
[23:45:35.074][info] [#0:script/workspace/workspace.lua:359]: Scan library at:	file:///home/akara184/.emacs.d/.cache/lsp/lua-language-server/meta/Lua%205.4%20en-us%20utf8/debug.lua
[23:45:35.074][info] [#0:script/workspace/workspace.lua:359]: Scan library at:	file:///home/akara184/.emacs.d/.cache/lsp/lua-language-server/meta/Lua%205.4%20en-us%20utf8/package.lua
[23:45:35.076][info] [#0:script/workspace/workspace.lua:359]: Scan library at:	file:///home/akara184/.emacs.d/.cache/lsp/lua-language-server/meta/Lua%205.4%20en-us%20utf8/utf8.lua
[23:45:35.076][info] [#0:script/workspace/workspace.lua:359]: Scan library at:	file:///home/akara184/.emacs.d/.cache/lsp/lua-language-server/meta/Lua%205.4%20en-us%20utf8/os.lua
[23:45:35.076][info] [#0:script/workspace/workspace.lua:359]: Scan library at:	file:///home/akara184/.emacs.d/.cache/lsp/lua-language-server/meta/Lua%205.4%20en-us%20utf8/builtin.lua
[23:45:35.076][info] [#0:script/workspace/workspace.lua:359]: Scan library at:	file:///home/akara184/.emacs.d/.cache/lsp/lua-language-server/meta/Lua%205.4%20en-us%20utf8/io.lua
[23:45:35.076][info] [#0:script/workspace/workspace.lua:359]: Scan library at:	file:///home/akara184/.emacs.d/.cache/lsp/lua-language-server/meta/Lua%205.4%20en-us%20utf8/string.lua
[23:45:35.077][info] [#0:script/workspace/workspace.lua:359]: Scan library at:	file:///home/akara184/.emacs.d/.cache/lsp/lua-language-server/meta/Lua%205.4%20en-us%20utf8/coroutine.lua
[23:45:35.077][info] [#0:script/workspace/workspace.lua:359]: Scan library at:	file:///home/akara184/.emacs.d/.cache/lsp/lua-language-server/meta/Lua%205.4%20en-us%20utf8/basic.lua
[23:45:35.077][info] [#0:script/workspace/workspace.lua:359]: Scan library at:	file:///home/akara184/.emacs.d/.cache/lsp/lua-language-server/meta/Lua%205.4%20en-us%20utf8/math.lua
[23:45:35.104][info] [#0:script/workspace/workspace.lua:359]: Scan library at:	file:///home/akara184/.emacs.d/.cache/lsp/lua-language-server/meta/Lua%205.4%20en-us%20utf8/table.lua
[23:45:35.104][info] [#0:script/workspace/workspace.lua:359]: Scan library at:	file:///home/akara184/.emacs.d/.cache/lsp/lua-language-server/meta/Lua%205.4%20en-us%20utf8/debug.lua
[23:45:35.104][info] [#0:script/workspace/workspace.lua:359]: Scan library at:	file:///home/akara184/.emacs.d/.cache/lsp/lua-language-server/meta/Lua%205.4%20en-us%20utf8/package.lua
[23:45:35.104][info] [#0:script/workspace/workspace.lua:359]: Scan library at:	file:///home/akara184/.emacs.d/.cache/lsp/lua-language-server/meta/Lua%205.4%20en-us%20utf8/utf8.lua
[23:45:35.104][info] [#0:script/workspace/workspace.lua:359]: Scan library at:	file:///home/akara184/.emacs.d/.cache/lsp/lua-language-server/meta/Lua%205.4%20en-us%20utf8/os.lua
[23:45:35.104][info] [#0:script/workspace/workspace.lua:359]: Scan library at:	file:///home/akara184/.emacs.d/.cache/lsp/lua-language-server/meta/Lua%205.4%20en-us%20utf8/builtin.lua
[23:45:35.105][info] [#0:script/workspace/workspace.lua:359]: Scan library at:	file:///home/akara184/.emacs.d/.cache/lsp/lua-language-server/meta/Lua%205.4%20en-us%20utf8/io.lua
[23:45:35.105][info] [#0:script/workspace/workspace.lua:359]: Scan library at:	file:///home/akara184/.emacs.d/.cache/lsp/lua-language-server/meta/Lua%205.4%20en-us%20utf8/string.lua
[23:45:35.105][info] [#0:script/workspace/workspace.lua:359]: Scan library at:	file:///home/akara184/.emacs.d/.cache/lsp/lua-language-server/meta/Lua%205.4%20en-us%20utf8/coroutine.lua
[23:45:35.105][info] [#0:script/workspace/workspace.lua:359]: Scan library at:	file:///home/akara184/.emacs.d/.cache/lsp/lua-language-server/meta/Lua%205.4%20en-us%20utf8/basic.lua
[23:45:35.105][info] [#0:script/workspace/workspace.lua:359]: Scan library at:	file:///home/akara184/.emacs.d/.cache/lsp/lua-language-server/meta/Lua%205.4%20en-us%20utf8/math.lua
[23:45:35.205][info] [#0:script/workspace/workspace.lua:385]: Found 11 files at:	<fallback>
[23:45:35.205][info] [#0:script/workspace/loading.lua:160]: Load files from disk:	<fallback>
[23:45:35.205][info] [#0:script/workspace/workspace.lua:385]: Found 66 files at:	file:///home/akara184/Downloads/mpv-config-main
[23:45:35.205][info] [#0:script/workspace/loading.lua:160]: Load files from disk:	file:///home/akara184/Downloads/mpv-config-main
[23:45:35.206][info] [#0:script/workspace/loading.lua:100]: Preload file at: file:///home/akara184/.emacs.d/.cache/lsp/lua-language-server/meta/Lua%205.4%20en-us%20utf8/math.lua , size = 8.542 KB
[23:45:35.211][info] [#0:script/workspace/loading.lua:112]: ++++As library of:	file:///home/akara184/.emacs.d/.cache/lsp/lua-language-server/meta/Lua%205.4%20en-us%20utf8/math.lua
[23:45:35.211][info] [#0:script/workspace/loading.lua:100]: Preload file at: file:///home/akara184/.emacs.d/.cache/lsp/lua-language-server/meta/Lua%205.4%20en-us%20utf8/basic.lua , size = 15.841 KB
[23:45:35.220][info] [#0:script/workspace/loading.lua:112]: ++++As library of:	file:///home/akara184/.emacs.d/.cache/lsp/lua-language-server/meta/Lua%205.4%20en-us%20utf8/basic.lua
[23:45:35.220][info] [#0:script/workspace/loading.lua:97]: Skip loaded file: file:///home/akara184/.emacs.d/.cache/lsp/lua-language-server/meta/Lua%205.4%20en-us%20utf8/basic.lua
[23:45:35.220][info] [#0:script/workspace/loading.lua:97]: Skip loaded file: file:///home/akara184/.emacs.d/.cache/lsp/lua-language-server/meta/Lua%205.4%20en-us%20utf8/math.lua
[23:45:35.220][info] [#0:script/workspace/loading.lua:100]: Preload file at: file:///home/akara184/.emacs.d/.cache/lsp/lua-language-server/meta/Lua%205.4%20en-us%20utf8/coroutine.lua , size = 2.590 KB
[23:45:35.221][info] [#0:script/workspace/loading.lua:112]: ++++As library of:	file:///home/akara184/.emacs.d/.cache/lsp/lua-language-server/meta/Lua%205.4%20en-us%20utf8/coroutine.lua
[23:45:35.221][info] [#0:script/workspace/loading.lua:88]: Skip loaded file: file:///home/akara184/.emacs.d/.cache/lsp/lua-language-server/meta/Lua%205.4%20en-us%20utf8/coroutine.lua
[23:45:35.221][info] [#0:script/workspace/loading.lua:112]: ++++As library of:	file:///home/akara184/.emacs.d/.cache/lsp/lua-language-server/meta/Lua%205.4%20en-us%20utf8/coroutine.lua
[23:45:35.221][info] [#0:script/workspace/loading.lua:100]: Preload file at: file:///home/akara184/.emacs.d/.cache/lsp/lua-language-server/meta/Lua%205.4%20en-us%20utf8/string.lua , size = 5.234 KB
[23:45:35.224][info] [#0:script/workspace/loading.lua:112]: ++++As library of:	file:///home/akara184/.emacs.d/.cache/lsp/lua-language-server/meta/Lua%205.4%20en-us%20utf8/string.lua
[23:45:35.224][info] [#0:script/workspace/loading.lua:88]: Skip loaded file: file:///home/akara184/.emacs.d/.cache/lsp/lua-language-server/meta/Lua%205.4%20en-us%20utf8/string.lua
[23:45:35.224][info] [#0:script/workspace/loading.lua:112]: ++++As library of:	file:///home/akara184/.emacs.d/.cache/lsp/lua-language-server/meta/Lua%205.4%20en-us%20utf8/string.lua
[23:45:35.225][info] [#0:script/workspace/loading.lua:100]: Preload file at: file:///home/akara184/.emacs.d/.cache/lsp/lua-language-server/meta/Lua%205.4%20en-us%20utf8/io.lua , size = 6.364 KB
[23:45:35.231][info] [#0:script/workspace/loading.lua:112]: ++++As library of:	file:///home/akara184/.emacs.d/.cache/lsp/lua-language-server/meta/Lua%205.4%20en-us%20utf8/io.lua
[23:45:35.231][info] [#0:script/workspace/loading.lua:97]: Skip loaded file: file:///home/akara184/.emacs.d/.cache/lsp/lua-language-server/meta/Lua%205.4%20en-us%20utf8/io.lua
[23:45:35.231][info] [#0:script/workspace/loading.lua:100]: Preload file at: file:///home/akara184/.emacs.d/.cache/lsp/lua-language-server/meta/Lua%205.4%20en-us%20utf8/builtin.lua , size = 0.302 KB
[23:45:35.232][info] [#0:script/workspace/loading.lua:112]: ++++As library of:	file:///home/akara184/.emacs.d/.cache/lsp/lua-language-server/meta/Lua%205.4%20en-us%20utf8/builtin.lua
[23:45:35.232][info] [#0:script/workspace/loading.lua:88]: Skip loaded file: file:///home/akara184/.emacs.d/.cache/lsp/lua-language-server/meta/Lua%205.4%20en-us%20utf8/builtin.lua
[23:45:35.232][info] [#0:script/workspace/loading.lua:112]: ++++As library of:	file:///home/akara184/.emacs.d/.cache/lsp/lua-language-server/meta/Lua%205.4%20en-us%20utf8/builtin.lua
[23:45:35.232][info] [#0:script/workspace/loading.lua:100]: Preload file at: file:///home/akara184/.emacs.d/.cache/lsp/lua-language-server/meta/Lua%205.4%20en-us%20utf8/os.lua , size = 5.611 KB
[23:45:35.235][info] [#0:script/workspace/loading.lua:112]: ++++As library of:	file:///home/akara184/.emacs.d/.cache/lsp/lua-language-server/meta/Lua%205.4%20en-us%20utf8/os.lua
[23:45:35.235][info] [#0:script/workspace/loading.lua:88]: Skip loaded file: file:///home/akara184/.emacs.d/.cache/lsp/lua-language-server/meta/Lua%205.4%20en-us%20utf8/os.lua
[23:45:35.235][info] [#0:script/workspace/loading.lua:112]: ++++As library of:	file:///home/akara184/.emacs.d/.cache/lsp/lua-language-server/meta/Lua%205.4%20en-us%20utf8/os.lua
[23:45:35.235][info] [#0:script/workspace/loading.lua:100]: Preload file at: file:///home/akara184/.emacs.d/.cache/lsp/lua-language-server/meta/Lua%205.4%20en-us%20utf8/utf8.lua , size = 2.386 KB
[23:45:35.236][info] [#0:script/workspace/loading.lua:112]: ++++As library of:	file:///home/akara184/.emacs.d/.cache/lsp/lua-language-server/meta/Lua%205.4%20en-us%20utf8/utf8.lua
[23:45:35.236][info] [#0:script/workspace/loading.lua:88]: Skip loaded file: file:///home/akara184/.emacs.d/.cache/lsp/lua-language-server/meta/Lua%205.4%20en-us%20utf8/utf8.lua
[23:45:35.236][info] [#0:script/workspace/loading.lua:112]: ++++As library of:	file:///home/akara184/.emacs.d/.cache/lsp/lua-language-server/meta/Lua%205.4%20en-us%20utf8/utf8.lua
[23:45:35.236][info] [#0:script/workspace/loading.lua:100]: Preload file at: file:///home/akara184/.emacs.d/.cache/lsp/lua-language-server/meta/Lua%205.4%20en-us%20utf8/package.lua , size = 2.944 KB
[23:45:35.237][info] [#0:script/workspace/loading.lua:112]: ++++As library of:	file:///home/akara184/.emacs.d/.cache/lsp/lua-language-server/meta/Lua%205.4%20en-us%20utf8/package.lua
[23:45:35.237][info] [#0:script/workspace/loading.lua:88]: Skip loaded file: file:///home/akara184/.emacs.d/.cache/lsp/lua-language-server/meta/Lua%205.4%20en-us%20utf8/package.lua
[23:45:35.237][info] [#0:script/workspace/loading.lua:112]: ++++As library of:	file:///home/akara184/.emacs.d/.cache/lsp/lua-language-server/meta/Lua%205.4%20en-us%20utf8/package.lua
[23:45:35.238][info] [#0:script/workspace/loading.lua:100]: Preload file at: file:///home/akara184/.emacs.d/.cache/lsp/lua-language-server/meta/Lua%205.4%20en-us%20utf8/debug.lua , size = 7.637 KB
[23:45:35.242][info] [#0:script/workspace/loading.lua:112]: ++++As library of:	file:///home/akara184/.emacs.d/.cache/lsp/lua-language-server/meta/Lua%205.4%20en-us%20utf8/debug.lua
[23:45:35.242][info] [#0:script/workspace/loading.lua:88]: Skip loaded file: file:///home/akara184/.emacs.d/.cache/lsp/lua-language-server/meta/Lua%205.4%20en-us%20utf8/debug.lua
[23:45:35.242][info] [#0:script/workspace/loading.lua:112]: ++++As library of:	file:///home/akara184/.emacs.d/.cache/lsp/lua-language-server/meta/Lua%205.4%20en-us%20utf8/debug.lua
[23:45:35.242][info] [#0:script/workspace/loading.lua:100]: Preload file at: file:///home/akara184/.emacs.d/.cache/lsp/lua-language-server/meta/Lua%205.4%20en-us%20utf8/table.lua , size = 4.445 KB
[23:45:35.245][info] [#0:script/workspace/loading.lua:112]: ++++As library of:	file:///home/akara184/.emacs.d/.cache/lsp/lua-language-server/meta/Lua%205.4%20en-us%20utf8/table.lua
[23:45:35.245][info] [#0:script/workspace/loading.lua:88]: Skip loaded file: file:///home/akara184/.emacs.d/.cache/lsp/lua-language-server/meta/Lua%205.4%20en-us%20utf8/table.lua
[23:45:35.245][info] [#0:script/workspace/loading.lua:112]: ++++As library of:	file:///home/akara184/.emacs.d/.cache/lsp/lua-language-server/meta/Lua%205.4%20en-us%20utf8/table.lua
[23:45:35.245][info] [#0:script/workspace/loading.lua:172]: Loaded files takes [0.039] sec: <fallback>
[23:45:35.245][info] [#0:script/workspace/loading.lua:181]: Compile files takes [0.000] sec: <fallback>
[23:45:35.245][info] [#0:script/workspace/loading.lua:182]: Loaded finish:	<fallback>
[23:45:35.245][info] [#0:script/workspace/workspace.lua:387]: Preload finish at:	<fallback>
[23:45:35.246][info] [#0:script/workspace/loading.lua:88]: Skip loaded file: file:///home/akara184/Downloads/mpv-config-main/scripts/LiveNoDelay.lua
[23:45:35.350][info] [#0:script/workspace/loading.lua:100]: Preload file at: file:///home/akara184/Downloads/mpv-config-main/scripts/SmartCopyPaste.lua , size = 33.271 KB
[23:45:35.369][info] [#0:script/workspace/loading.lua:100]: Preload file at: file:///home/akara184/Downloads/mpv-config-main/scripts/autospeedwin.lua , size = 13.768 KB
[23:45:35.373][info] [#0:script/workspace/loading.lua:100]: Preload file at: file:///home/akara184/Downloads/mpv-config-main/scripts/autosubsync/autosubsync.lua , size = 14.925 KB
[23:45:35.381][info] [#0:script/workspace/loading.lua:100]: Preload file at: file:///home/akara184/Downloads/mpv-config-main/scripts/autosubsync/helpers.lua , size = 0.894 KB
[23:45:35.381][info] [#0:script/workspace/loading.lua:100]: Preload file at: file:///home/akara184/Downloads/mpv-config-main/scripts/autosubsync/main.lua , size = 0.022 KB
[23:45:35.382][info] [#0:script/workspace/loading.lua:100]: Preload file at: file:///home/akara184/Downloads/mpv-config-main/scripts/autosubsync/menu.lua , size = 2.604 KB
[23:45:35.384][info] [#0:script/workspace/loading.lua:100]: Preload file at: file:///home/akara184/Downloads/mpv-config-main/scripts/autosubsync/subtitle.lua , size = 9.022 KB
[23:45:35.393][info] [#0:script/workspace/loading.lua:100]: Preload file at: file:///home/akara184/Downloads/mpv-config-main/scripts/clipshot.lua , size = 1.844 KB
[23:45:35.394][info] [#0:script/workspace/loading.lua:100]: Preload file at: file:///home/akara184/Downloads/mpv-config-main/scripts/evafast.lua , size = 10.956 KB
[23:45:35.398][info] [#0:script/workspace/loading.lua:100]: Preload file at: file:///home/akara184/Downloads/mpv-config-main/scripts/fpsadjust.lua , size = 1.433 KB
[23:45:35.399][info] [#0:script/workspace/loading.lua:100]: Preload file at: file:///home/akara184/Downloads/mpv-config-main/scripts/memo.lua , size = 47.730 KB
[23:45:35.420][info] [#0:script/workspace/loading.lua:100]: Preload file at: file:///home/akara184/Downloads/mpv-config-main/scripts/mpv-animated.lua , size = 7.591 KB
[23:45:35.424][info] [#0:script/workspace/loading.lua:100]: Preload file at: file:///home/akara184/Downloads/mpv-config-main/scripts/mpv-twitch-chat-irc/main.lua , size = 1.875 KB
[23:45:35.425][info] [#0:script/workspace/loading.lua:100]: Preload file at: file:///home/akara184/Downloads/mpv-config-main/scripts/mpv-youtube-chat.lua , size = 16.012 KB
[23:45:35.431][info] [#0:script/workspace/loading.lua:100]: Preload file at: file:///home/akara184/Downloads/mpv-config-main/scripts/protocol_hook.lua , size = 17.741 KB
[23:45:35.446][info] [#0:script/workspace/loading.lua:100]: Preload file at: file:///home/akara184/Downloads/mpv-config-main/scripts/quack.lua , size = 1.163 KB
[23:45:35.447][info] [#0:script/workspace/loading.lua:100]: Preload file at: file:///home/akara184/Downloads/mpv-config-main/scripts/quality-menu.lua , size = 44.177 KB
[23:45:35.466][info] [#0:script/workspace/loading.lua:100]: Preload file at: file:///home/akara184/Downloads/mpv-config-main/scripts/reload.lua , size = 14.204 KB
[23:45:35.471][info] [#0:script/workspace/loading.lua:100]: Preload file at: file:///home/akara184/Downloads/mpv-config-main/scripts/rubberband_helper.lua , size = 1.708 KB
[23:45:35.472][info] [#0:script/workspace/loading.lua:100]: Preload file at: file:///home/akara184/Downloads/mpv-config-main/scripts/slicing_copy.lua , size = 6.113 KB
[23:45:35.476][info] [#0:script/workspace/loading.lua:100]: Preload file at: file:///home/akara184/Downloads/mpv-config-main/scripts/speed-transition.lua , size = 10.149 KB
[23:45:35.481][info] [#0:script/workspace/loading.lua:100]: Preload file at: file:///home/akara184/Downloads/mpv-config-main/scripts/sponsorblock_minimal.lua , size = 3.310 KB
[23:45:35.483][info] [#0:script/workspace/loading.lua:100]: Preload file at: file:///home/akara184/Downloads/mpv-config-main/scripts/streamsave.lua , size = 51.973 KB
[23:45:35.504][info] [#0:script/workspace/loading.lua:100]: Preload file at: file:///home/akara184/Downloads/mpv-config-main/scripts/thumbfast.lua , size = 31.533 KB
[23:45:35.529][info] [#0:script/workspace/loading.lua:100]: Preload file at: file:///home/akara184/Downloads/mpv-config-main/scripts/uosc/elements/BufferingIndicator.lua , size = 1.649 KB
[23:45:35.531][info] [#0:script/workspace/loading.lua:100]: Preload file at: file:///home/akara184/Downloads/mpv-config-main/scripts/uosc/elements/Button.lua , size = 3.549 KB
[23:45:35.533][info] [#0:script/workspace/loading.lua:100]: Preload file at: file:///home/akara184/Downloads/mpv-config-main/scripts/uosc/elements/Controls.lua , size = 14.469 KB
[23:45:35.541][info] [#0:script/workspace/loading.lua:100]: Preload file at: file:///home/akara184/Downloads/mpv-config-main/scripts/uosc/elements/Curtain.lua , size = 0.992 KB
[23:45:35.542][info] [#0:script/workspace/loading.lua:100]: Preload file at: file:///home/akara184/Downloads/mpv-config-main/scripts/uosc/elements/CycleButton.lua , size = 2.990 KB
[23:45:35.544][info] [#0:script/workspace/loading.lua:100]: Preload file at: file:///home/akara184/Downloads/mpv-config-main/scripts/uosc/elements/Element.lua , size = 9.233 KB
[23:45:35.550][info] [#0:script/workspace/loading.lua:100]: Preload file at: file:///home/akara184/Downloads/mpv-config-main/scripts/uosc/elements/Elements.lua , size = 4.719 KB
[23:45:35.552][info] [#0:script/workspace/loading.lua:100]: Preload file at: file:///home/akara184/Downloads/mpv-config-main/scripts/uosc/elements/ManagedButton.lua , size = 0.897 KB
[23:45:35.553][info] [#0:script/workspace/loading.lua:100]: Preload file at: file:///home/akara184/Downloads/mpv-config-main/scripts/uosc/elements/Menu.lua , size = 58.069 KB
[23:45:35.592][info] [#0:script/workspace/loading.lua:100]: Preload file at: file:///home/akara184/Downloads/mpv-config-main/scripts/uosc/elements/PauseIndicator.lua , size = 2.607 KB
[23:45:35.594][info] [#0:script/workspace/loading.lua:100]: Preload file at: file:///home/akara184/Downloads/mpv-config-main/scripts/uosc/elements/Speed.lua , size = 5.824 KB
[23:45:35.598][info] [#0:script/workspace/loading.lua:100]: Preload file at: file:///home/akara184/Downloads/mpv-config-main/scripts/uosc/elements/Timeline.lua , size = 17.722 KB
[23:45:35.610][info] [#0:script/workspace/loading.lua:100]: Preload file at: file:///home/akara184/Downloads/mpv-config-main/scripts/uosc/elements/TopBar.lua , size = 11.807 KB
[23:45:35.618][info] [#0:script/workspace/loading.lua:100]: Preload file at: file:///home/akara184/Downloads/mpv-config-main/scripts/uosc/elements/Updater.lua , size = 10.176 KB
[23:45:35.624][info] [#0:script/workspace/loading.lua:100]: Preload file at: file:///home/akara184/Downloads/mpv-config-main/scripts/uosc/elements/Volume.lua , size = 9.930 KB
[23:45:35.632][info] [#0:script/workspace/loading.lua:100]: Preload file at: file:///home/akara184/Downloads/mpv-config-main/scripts/uosc/elements/WindowBorder.lua , size = 1.182 KB
[23:45:35.633][info] [#0:script/workspace/loading.lua:100]: Preload file at: file:///home/akara184/Downloads/mpv-config-main/scripts/uosc/lib/ass.lua , size = 9.665 KB
[23:45:35.660][info] [#0:script/workspace/loading.lua:100]: Preload file at: file:///home/akara184/Downloads/mpv-config-main/scripts/uosc/lib/buttons.lua , size = 1.766 KB
[23:45:35.662][info] [#0:script/workspace/loading.lua:100]: Preload file at: file:///home/akara184/Downloads/mpv-config-main/scripts/uosc/lib/char_conv.lua , size = 1.550 KB
[23:45:35.663][info] [#0:script/workspace/loading.lua:100]: Preload file at: file:///home/akara184/Downloads/mpv-config-main/scripts/uosc/lib/cursor.lua , size = 14.509 KB
[23:45:35.671][info] [#0:script/workspace/loading.lua:100]: Preload file at: file:///home/akara184/Downloads/mpv-config-main/scripts/uosc/lib/intl.lua , size = 1.562 KB
[23:45:35.672][info] [#0:script/workspace/loading.lua:100]: Preload file at: file:///home/akara184/Downloads/mpv-config-main/scripts/uosc/lib/menus.lua , size = 35.434 KB
[23:45:35.690][info] [#0:script/workspace/loading.lua:100]: Preload file at: file:///home/akara184/Downloads/mpv-config-main/scripts/uosc/lib/std.lua , size = 9.171 KB
[23:45:35.697][info] [#0:script/workspace/loading.lua:100]: Preload file at: file:///home/akara184/Downloads/mpv-config-main/scripts/uosc/lib/text.lua , size = 17.416 KB
[23:45:35.707][info] [#0:script/workspace/loading.lua:100]: Preload file at: file:///home/akara184/Downloads/mpv-config-main/scripts/uosc/lib/utils.lua , size = 30.110 KB
[23:45:35.726][info] [#0:script/workspace/loading.lua:100]: Preload file at: file:///home/akara184/Downloads/mpv-config-main/scripts/uosc/main.lua , size = 44.515 KB
[23:45:35.749][info] [#0:script/workspace/loading.lua:100]: Preload file at: file:///home/akara184/Downloads/mpv-config-main/scripts/webm.lua , size = 95.440 KB
[23:45:35.797][info] [#0:script/workspace/loading.lua:100]: Preload file at: file:///home/akara184/Downloads/mpv-config-main/scripts/ytdl-preload.lua , size = 12.031 KB
[23:45:35.804][info] [#0:script/workspace/loading.lua:100]: Preload file at: file:///home/akara184/Downloads/mpv-config-main/scripts/ytproxy.lua , size = 1.009 KB
[23:45:35.805][info] [#0:script/workspace/loading.lua:100]: Preload file at: file:///home/akara184/Downloads/mpv-config-main/scripts/autocrop.lua , size = 9.045 KB
[23:45:35.908][info] [#0:script/workspace/loading.lua:172]: Loaded files takes [0.500] sec: file:///home/akara184/Downloads/mpv-config-main
[23:45:35.908][info] [#0:script/workspace/loading.lua:181]: Compile files takes [0.000] sec: file:///home/akara184/Downloads/mpv-config-main
[23:45:35.908][info] [#0:script/workspace/loading.lua:182]: Loaded finish:	file:///home/akara184/Downloads/mpv-config-main
[23:45:35.908][info] [#0:script/workspace/workspace.lua:387]: Preload finish at:	file:///home/akara184/Downloads/mpv-config-main
[23:45:35.920][warn] [#0:script/proto/proto.lua:189]: Method [textDocument/didOpen] takes [0.561]sec. {
  jsonrpc = "2.0",
  method = "textDocument/didOpen",
  params = {
    textDocument = {
      languageId = "lua",
      text = '"***"',
      uri = "file:///home/akara184/Downloads/mpv-config-main/scripts/LiveNoDelay.lua",
      version = 0
    }
  }
}
[23:45:35.921][info] [#0:script/provider/diagnostic.lua:560]: Diagnostics scope [file:///home/akara184/Downloads/mpv-config-main], files count:[66]
[23:45:35.921][warn] [#0:script/proto/proto.lua:189]: Method [textDocument/documentColor] takes [0.561]sec. {
  id = 68,
  jsonrpc = "2.0",
  method = "textDocument/documentColor",
  params = {
    textDocument = {
      uri = "file:///home/akara184/Downloads/mpv-config-main/scripts/LiveNoDelay.lua"
    }
  }
}
[23:45:35.921][warn] [#0:script/proto/proto.lua:189]: Method [textDocument/codeAction] takes [0.534]sec. {
  id = 76,
  jsonrpc = "2.0",
  method = "textDocument/codeAction",
  params = {
    context = {
      diagnostics = {}
    },
    range = {
      end = {
        character = 0,
        line = 0
      },
      start = {
        character = 0,
        line = 0
      }
    },
    textDocument = {
      uri = "file:///home/akara184/Downloads/mpv-config-main/scripts/LiveNoDelay.lua"
    }
  }
}
[23:45:35.923][warn] [#0:script/proto/proto.lua:189]: Method [textDocument/documentHighlight] takes [0.535]sec. {
  id = 77,
  jsonrpc = "2.0",
  method = "textDocument/documentHighlight",
  params = {
    position = {
      character = 0,
      line = 0
    },
    textDocument = {
      uri = "file:///home/akara184/Downloads/mpv-config-main/scripts/LiveNoDelay.lua"
    }
  }
}
[23:45:35.923][warn] [#0:script/proto/proto.lua:189]: Method [textDocument/documentSymbol] takes [0.535]sec. {
  id = 75,
  jsonrpc = "2.0",
  method = "textDocument/documentSymbol",
  params = {
    textDocument = {
      uri = "file:///home/akara184/Downloads/mpv-config-main/scripts/LiveNoDelay.lua"
    }
  }
}
[23:45:40.822][info] [#0:script/provider/diagnostic.lua:577]: Diagnostics scope [file:///home/akara184/Downloads/mpv-config-main] finished, takes [1.952] sec.
